[31m2018-08-29 08:20:42.639 WAT [main] o.s.b.SpringApplication ERROR: Application run failed
org.springframework.beans.factory.UnsatisfiedDependencyException: Error creating bean with name 'documentationPluginsBootstrapper' defined in URL [jar:file:/home/archange/.m2/repository/io/springfox/springfox-spring-web/2.6.0/springfox-spring-web-2.6.0.jar!/springfox/documentation/spring/web/plugins/DocumentationPluginsBootstrapper.class]: Unsatisfied dependency expressed through constructor parameter 1; nested exception is org.springframework.beans.factory.UnsatisfiedDependencyException: Error creating bean with name 'webMvcRequestHandlerProvider' defined in URL [jar:file:/home/archange/.m2/repository/io/springfox/springfox-spring-web/2.6.0/springfox-spring-web-2.6.0.jar!/springfox/documentation/spring/web/plugins/WebMvcRequestHandlerProvider.class]: Unsatisfied dependency expressed through constructor parameter 0; nested exception is org.springframework.beans.factory.BeanCreationException: Error creating bean with name 'requestMappingHandlerMapping' defined in class path resource [org/springframework/boot/autoconfigure/web/servlet/WebMvcAutoConfiguration$EnableWebMvcConfiguration.class]: Invocation of init method failed; nested exception is java.lang.IllegalStateException: Ambiguous mapping. Cannot map 'ProductController' method 
public org.springframework.http.ResponseEntity<org.o7planning.SbHibernateShoppingCart.entity.Product> org.o7planning.SbHibernateShoppingCart.controller.ProductController.createProductws(org.springframework.web.multipart.MultipartFile,org.o7planning.SbHibernateShoppingCart.entity.Product) throws java.sql.SQLException,java.io.IOException
to {[/products],methods=[POST]}: There is already 'ProductController' bean method
public org.springframework.http.ResponseEntity<java.lang.String> org.o7planning.SbHibernateShoppingCart.controller.ProductController.createfile(org.springframework.web.multipart.MultipartFile) throws java.sql.SQLException,java.io.IOException mapped.
	at org.springframework.beans.factory.support.ConstructorResolver.createArgumentArray(ConstructorResolver.java:732)
	at org.springframework.beans.factory.support.ConstructorResolver.autowireConstructor(ConstructorResolver.java:197)
	at org.springframework.beans.factory.support.AbstractAutowireCapableBeanFactory.autowireConstructor(AbstractAutowireCapableBeanFactory.java:1267)
	at org.springframework.beans.factory.support.AbstractAutowireCapableBeanFactory.createBeanInstance(AbstractAutowireCapableBeanFactory.java:1124)
	at org.springframework.beans.factory.support.AbstractAutowireCapableBeanFactory.doCreateBean(AbstractAutowireCapableBeanFactory.java:535)
	at org.springframework.beans.factory.support.AbstractAutowireCapableBeanFactory.createBean(AbstractAutowireCapableBeanFactory.java:495)
	at org.springframework.beans.factory.support.AbstractBeanFactory.lambda$doGetBean$0(AbstractBeanFactory.java:317)
	at org.springframework.beans.factory.support.DefaultSingletonBeanRegistry.getSingleton(DefaultSingletonBeanRegistry.java:222)
	at org.springframework.beans.factory.support.AbstractBeanFactory.doGetBean(AbstractBeanFactory.java:315)
	at org.springframework.beans.factory.support.AbstractBeanFactory.getBean(AbstractBeanFactory.java:199)
	at org.springframework.beans.factory.support.DefaultListableBeanFactory.preInstantiateSingletons(DefaultListableBeanFactory.java:759)
	at org.springframework.context.support.AbstractApplicationContext.finishBeanFactoryInitialization(AbstractApplicationContext.java:869)
	at org.springframework.context.support.AbstractApplicationContext.refresh(AbstractApplicationContext.java:550)
	at org.springframework.boot.web.servlet.context.ServletWebServerApplicationContext.refresh(ServletWebServerApplicationContext.java:140)
	at org.springframework.boot.SpringApplication.refresh(SpringApplication.java:762)
	at org.springframework.boot.SpringApplication.refreshContext(SpringApplication.java:398)
	at org.springframework.boot.SpringApplication.run(SpringApplication.java:330)
	at org.springframework.boot.SpringApplication.run(SpringApplication.java:1258)
	at org.springframework.boot.SpringApplication.run(SpringApplication.java:1246)
	at org.o7planning.SbHibernateShoppingCart.SbHibernateShoppingCartApplication.main(SbHibernateShoppingCartApplication.java:20)
	at sun.reflect.NativeMethodAccessorImpl.invoke0(Native Method)
	at sun.reflect.NativeMethodAccessorImpl.invoke(NativeMethodAccessorImpl.java:62)
	at sun.reflect.DelegatingMethodAccessorImpl.invoke(DelegatingMethodAccessorImpl.java:43)
	at java.lang.reflect.Method.invoke(Method.java:498)
	at org.springframework.boot.maven.AbstractRunMojo$LaunchRunner.run(AbstractRunMojo.java:496)
	at java.lang.Thread.run(Thread.java:748)
Caused by: org.springframework.beans.factory.UnsatisfiedDependencyException: Error creating bean with name 'webMvcRequestHandlerProvider' defined in URL [jar:file:/home/archange/.m2/repository/io/springfox/springfox-spring-web/2.6.0/springfox-spring-web-2.6.0.jar!/springfox/documentation/spring/web/plugins/WebMvcRequestHandlerProvider.class]: Unsatisfied dependency expressed through constructor parameter 0; nested exception is org.springframework.beans.factory.BeanCreationException: Error creating bean with name 'requestMappingHandlerMapping' defined in class path resource [org/springframework/boot/autoconfigure/web/servlet/WebMvcAutoConfiguration$EnableWebMvcConfiguration.class]: Invocation of init method failed; nested exception is java.lang.IllegalStateException: Ambiguous mapping. Cannot map 'ProductController' method 
public org.springframework.http.ResponseEntity<org.o7planning.SbHibernateShoppingCart.entity.Product> org.o7planning.SbHibernateShoppingCart.controller.ProductController.createProductws(org.springframework.web.multipart.MultipartFile,org.o7planning.SbHibernateShoppingCart.entity.Product) throws java.sql.SQLException,java.io.IOException
to {[/products],methods=[POST]}: There is already 'ProductController' bean method
public org.springframework.http.ResponseEntity<java.lang.String> org.o7planning.SbHibernateShoppingCart.controller.ProductController.createfile(org.springframework.web.multipart.MultipartFile) throws java.sql.SQLException,java.io.IOException mapped.
	at org.springframework.beans.factory.support.ConstructorResolver.createArgumentArray(ConstructorResolver.java:732)
	at org.springframework.beans.factory.support.ConstructorResolver.autowireConstructor(ConstructorResolver.java:197)
	at org.springframework.beans.factory.support.AbstractAutowireCapableBeanFactory.autowireConstructor(AbstractAutowireCapableBeanFactory.java:1267)
	at org.springframework.beans.factory.support.AbstractAutowireCapableBeanFactory.createBeanInstance(AbstractAutowireCapableBeanFactory.java:1124)
	at org.springframework.beans.factory.support.AbstractAutowireCapableBeanFactory.doCreateBean(AbstractAutowireCapableBeanFactory.java:535)
	at org.springframework.beans.factory.support.AbstractAutowireCapableBeanFactory.createBean(AbstractAutowireCapableBeanFactory.java:495)
	at org.springframework.beans.factory.support.AbstractBeanFactory.lambda$doGetBean$0(AbstractBeanFactory.java:317)
	at org.springframework.beans.factory.support.DefaultSingletonBeanRegistry.getSingleton(DefaultSingletonBeanRegistry.java:222)
	at org.springframework.beans.factory.support.AbstractBeanFactory.doGetBean(AbstractBeanFactory.java:315)
	at org.springframework.beans.factory.support.AbstractBeanFactory.getBean(AbstractBeanFactory.java:199)
	at org.springframework.beans.factory.config.DependencyDescriptor.resolveCandidate(DependencyDescriptor.java:251)
	at org.springframework.beans.factory.support.DefaultListableBeanFactory.addCandidateEntry(DefaultListableBeanFactory.java:1322)
	at org.springframework.beans.factory.support.DefaultListableBeanFactory.findAutowireCandidates(DefaultListableBeanFactory.java:1288)
	at org.springframework.beans.factory.support.DefaultListableBeanFactory.resolveMultipleBeans(DefaultListableBeanFactory.java:1190)
	at org.springframework.beans.factory.support.DefaultListableBeanFactory.doResolveDependency(DefaultListableBeanFactory.java:1093)
	at org.springframework.beans.factory.support.DefaultListableBeanFactory.resolveDependency(DefaultListableBeanFactory.java:1062)
	at org.springframework.beans.factory.support.ConstructorResolver.resolveAutowiredArgument(ConstructorResolver.java:818)
	at org.springframework.beans.factory.support.ConstructorResolver.createArgumentArray(ConstructorResolver.java:724)
	... 25 more
Caused by: org.springframework.beans.factory.BeanCreationException: Error creating bean with name 'requestMappingHandlerMapping' defined in class path resource [org/springframework/boot/autoconfigure/web/servlet/WebMvcAutoConfiguration$EnableWebMvcConfiguration.class]: Invocation of init method failed; nested exception is java.lang.IllegalStateException: Ambiguous mapping. Cannot map 'ProductController' method 
public org.springframework.http.ResponseEntity<org.o7planning.SbHibernateShoppingCart.entity.Product> org.o7planning.SbHibernateShoppingCart.controller.ProductController.createProductws(org.springframework.web.multipart.MultipartFile,org.o7planning.SbHibernateShoppingCart.entity.Product) throws java.sql.SQLException,java.io.IOException
to {[/products],methods=[POST]}: There is already 'ProductController' bean method
public org.springframework.http.ResponseEntity<java.lang.String> org.o7planning.SbHibernateShoppingCart.controller.ProductController.createfile(org.springframework.web.multipart.MultipartFile) throws java.sql.SQLException,java.io.IOException mapped.
	at org.springframework.beans.factory.support.AbstractAutowireCapableBeanFactory.initializeBean(AbstractAutowireCapableBeanFactory.java:1699)
	at org.springframework.beans.factory.support.AbstractAutowireCapableBeanFactory.doCreateBean(AbstractAutowireCapableBeanFactory.java:573)
	at org.springframework.beans.factory.support.AbstractAutowireCapableBeanFactory.createBean(AbstractAutowireCapableBeanFactory.java:495)
	at org.springframework.beans.factory.support.AbstractBeanFactory.lambda$doGetBean$0(AbstractBeanFactory.java:317)
	at org.springframework.beans.factory.support.DefaultSingletonBeanRegistry.getSingleton(DefaultSingletonBeanRegistry.java:222)
	at org.springframework.beans.factory.support.AbstractBeanFactory.doGetBean(AbstractBeanFactory.java:315)
	at org.springframework.beans.factory.support.AbstractBeanFactory.getBean(AbstractBeanFactory.java:199)
	at org.springframework.beans.factory.config.DependencyDescriptor.resolveCandidate(DependencyDescriptor.java:251)
	at org.springframework.beans.factory.support.DefaultListableBeanFactory.addCandidateEntry(DefaultListableBeanFactory.java:1322)
	at org.springframework.beans.factory.support.DefaultListableBeanFactory.findAutowireCandidates(DefaultListableBeanFactory.java:1288)
	at org.springframework.beans.factory.support.DefaultListableBeanFactory.resolveMultipleBeans(DefaultListableBeanFactory.java:1190)
	at org.springframework.beans.factory.support.DefaultListableBeanFactory.doResolveDependency(DefaultListableBeanFactory.java:1093)
	at org.springframework.beans.factory.support.DefaultListableBeanFactory.resolveDependency(DefaultListableBeanFactory.java:1062)
	at org.springframework.beans.factory.support.ConstructorResolver.resolveAutowiredArgument(ConstructorResolver.java:818)
	at org.springframework.beans.factory.support.ConstructorResolver.createArgumentArray(ConstructorResolver.java:724)
	... 42 more
Caused by: java.lang.IllegalStateException: Ambiguous mapping. Cannot map 'ProductController' method 
public org.springframework.http.ResponseEntity<org.o7planning.SbHibernateShoppingCart.entity.Product> org.o7planning.SbHibernateShoppingCart.controller.ProductController.createProductws(org.springframework.web.multipart.MultipartFile,org.o7planning.SbHibernateShoppingCart.entity.Product) throws java.sql.SQLException,java.io.IOException
to {[/products],methods=[POST]}: There is already 'ProductController' bean method
public org.springframework.http.ResponseEntity<java.lang.String> org.o7planning.SbHibernateShoppingCart.controller.ProductController.createfile(org.springframework.web.multipart.MultipartFile) throws java.sql.SQLException,java.io.IOException mapped.
	at org.springframework.web.servlet.handler.AbstractHandlerMethodMapping$MappingRegistry.assertUniqueMethodMapping(AbstractHandlerMethodMapping.java:580)
	at org.springframework.web.servlet.handler.AbstractHandlerMethodMapping$MappingRegistry.register(AbstractHandlerMethodMapping.java:544)
	at org.springframework.web.servlet.handler.AbstractHandlerMethodMapping.registerHandlerMethod(AbstractHandlerMethodMapping.java:265)
	at org.springframework.web.servlet.handler.AbstractHandlerMethodMapping.lambda$detectHandlerMethods$1(AbstractHandlerMethodMapping.java:250)
	at java.util.LinkedHashMap.forEach(LinkedHashMap.java:684)
	at org.springframework.web.servlet.handler.AbstractHandlerMethodMapping.detectHandlerMethods(AbstractHandlerMethodMapping.java:248)
	at org.springframework.web.servlet.handler.AbstractHandlerMethodMapping.initHandlerMethods(AbstractHandlerMethodMapping.java:218)
	at org.springframework.web.servlet.handler.AbstractHandlerMethodMapping.afterPropertiesSet(AbstractHandlerMethodMapping.java:188)
	at org.springframework.web.servlet.mvc.method.annotation.RequestMappingHandlerMapping.afterPropertiesSet(RequestMappingHandlerMapping.java:136)
	at org.springframework.beans.factory.support.AbstractAutowireCapableBeanFactory.invokeInitMethods(AbstractAutowireCapableBeanFactory.java:1758)
	at org.springframework.beans.factory.support.AbstractAutowireCapableBeanFactory.initializeBean(AbstractAutowireCapableBeanFactory.java:1695)
	... 56 more
[m[31m2018-08-29 12:45:20.022 WAT [http-nio-8081-exec-10] o.h.e.j.s.SqlExceptionHelper ERROR: Unknown column 'product0_.image' in 'field list'
[m[31m2018-08-29 12:45:44.174 WAT [http-nio-8081-exec-9] o.h.e.j.s.SqlExceptionHelper ERROR: Unknown column 'product0_.image' in 'field list'
[m[31m2018-08-29 12:46:10.602 WAT [http-nio-8081-exec-4] o.h.e.j.s.SqlExceptionHelper ERROR: Unknown column 'product0_.image' in 'field list'
[m[31m2018-08-29 12:52:57.050 WAT [http-nio-8081-exec-8] o.h.e.j.s.SqlExceptionHelper ERROR: Table 'mydatabase.accounts' doesn't exist
[m[31m2018-08-30 12:06:51.114 WAT [http-nio-8081-exec-4] o.h.e.j.s.SqlExceptionHelper ERROR: Table 'mydatabase.products' doesn't exist
[m[31m2018-08-30 12:12:38.828 WAT [http-nio-8081-exec-9] o.h.e.j.s.SqlExceptionHelper ERROR: Table 'mydatabase.products' doesn't exist
[m[31m2018-08-30 12:40:46.422 WAT [http-nio-8081-exec-4] o.h.e.j.s.SqlExceptionHelper ERROR: Unknown column 'product0_.etat_product' in 'field list'
[m[31m2018-08-30 12:41:48.437 WAT [http-nio-8081-exec-3] o.h.e.j.s.SqlExceptionHelper ERROR: Unknown column 'product0_.etat_product' in 'field list'
[m[31m2018-08-30 12:51:57.904 WAT [http-nio-8081-exec-4] o.h.e.j.s.SqlExceptionHelper ERROR: Unknown column 'product0_.etat_product' in 'field list'
[m[31m2018-08-30 12:59:55.414 WAT [http-nio-8081-exec-6] o.h.e.j.s.SqlExceptionHelper ERROR: Unknown column 'product0_.etat_product' in 'field list'
[m[31m2018-08-30 13:02:48.178 WAT [http-nio-8081-exec-4] o.h.e.j.s.SqlExceptionHelper ERROR: Unknown column 'product0_.etat_product' in 'field list'
[m[31m2018-08-30 13:08:01.764 WAT [http-nio-8081-exec-6] o.h.e.j.s.SqlExceptionHelper ERROR: Unknown column 'product0_.etat' in 'field list'
[m